{"C:\\chandu\\Projects\\GameTask\\backend\\config\\db.js": {"path":"C:\\chandu\\Projects\\GameTask\\backend\\config\\db.js","statementMap":{"0":{"start":{"line":4,"column":0},"end":{"line":4,"column":16}},"1":{"start":{"line":12,"column":4},"end":{"line":12,"column":15}},"2":{"start":{"line":14,"column":18},"end":{"line":25,"column":2}}},"fnMap":{},"branchMap":{"0":{"loc":{"start":{"line":7,"column":2},"end":{"line":7,"column":23}},"type":"default-arg","locations":[{"start":{"line":7,"column":12},"end":{"line":7,"column":23}}],"line":7},"1":{"loc":{"start":{"line":8,"column":2},"end":{"line":8,"column":16}},"type":"default-arg","locations":[{"start":{"line":8,"column":12},"end":{"line":8,"column":16}}],"line":8},"2":{"loc":{"start":{"line":9,"column":2},"end":{"line":9,"column":22}},"type":"default-arg","locations":[{"start":{"line":9,"column":12},"end":{"line":9,"column":22}}],"line":9},"3":{"loc":{"start":{"line":10,"column":2},"end":{"line":10,"column":22}},"type":"default-arg","locations":[{"start":{"line":10,"column":12},"end":{"line":10,"column":22}}],"line":10},"4":{"loc":{"start":{"line":11,"column":2},"end":{"line":11,"column":26}},"type":"default-arg","locations":[{"start":{"line":11,"column":16},"end":{"line":11,"column":26}}],"line":11}},"s":{"0":1,"1":1,"2":1},"f":{},"b":{"0":[1],"1":[1],"2":[1],"3":[1],"4":[1]},"inputSourceMap":null,"_coverageSchema":"1a1c01bbd47fc00a2c39e90264f33305004495a9","hash":"58501dc91760af40881ded032555a6c7852818af"}
,"C:\\chandu\\Projects\\GameTask\\backend\\game\\bot.js": {"path":"C:\\chandu\\Projects\\GameTask\\backend\\game\\bot.js","statementMap":{"0":{"start":{"line":4,"column":14},"end":{"line":4,"column":47}},"1":{"start":{"line":5,"column":2},"end":{"line":5,"column":31}},"2":{"start":{"line":5,"column":20},"end":{"line":5,"column":31}},"3":{"start":{"line":8,"column":16},"end":{"line":8,"column":51}},"4":{"start":{"line":9,"column":2},"end":{"line":9,"column":35}},"5":{"start":{"line":9,"column":22},"end":{"line":9,"column":35}},"6":{"start":{"line":12,"column":16},"end":{"line":12,"column":37}},"7":{"start":{"line":13,"column":2},"end":{"line":13,"column":61}},"8":{"start":{"line":13,"column":25},"end":{"line":13,"column":61}},"9":{"start":{"line":13,"column":52},"end":{"line":13,"column":61}},"10":{"start":{"line":15,"column":2},"end":{"line":15,"column":14}}},"fnMap":{"0":{"name":"chooseMove","decl":{"start":{"line":2,"column":16},"end":{"line":2,"column":26}},"loc":{"start":{"line":2,"column":67},"end":{"line":16,"column":1}},"line":2}},"branchMap":{"0":{"loc":{"start":{"line":2,"column":35},"end":{"line":2,"column":48}},"type":"default-arg","locations":[{"start":{"line":2,"column":47},"end":{"line":2,"column":48}}],"line":2},"1":{"loc":{"start":{"line":2,"column":50},"end":{"line":2,"column":65}},"type":"default-arg","locations":[{"start":{"line":2,"column":64},"end":{"line":2,"column":65}}],"line":2},"2":{"loc":{"start":{"line":5,"column":2},"end":{"line":5,"column":31}},"type":"if","locations":[{"start":{"line":5,"column":2},"end":{"line":5,"column":31}},{"start":{},"end":{}}],"line":5},"3":{"loc":{"start":{"line":9,"column":2},"end":{"line":9,"column":35}},"type":"if","locations":[{"start":{"line":9,"column":2},"end":{"line":9,"column":35}},{"start":{},"end":{}}],"line":9},"4":{"loc":{"start":{"line":13,"column":25},"end":{"line":13,"column":61}},"type":"if","locations":[{"start":{"line":13,"column":25},"end":{"line":13,"column":61}},{"start":{},"end":{}}],"line":13}},"s":{"0":3,"1":3,"2":1,"3":2,"4":2,"5":1,"6":1,"7":1,"8":1,"9":1,"10":0},"f":{"0":3},"b":{"0":[0],"1":[0],"2":[1,2],"3":[1,1],"4":[1,0]},"inputSourceMap":null,"_coverageSchema":"1a1c01bbd47fc00a2c39e90264f33305004495a9","hash":"e34f7b3addd704166e3baaba0495996c1800523b"}
,"C:\\chandu\\Projects\\GameTask\\backend\\game\\engine.js": {"path":"C:\\chandu\\Projects\\GameTask\\backend\\game\\engine.js","statementMap":{"0":{"start":{"line":10,"column":4},"end":{"line":10,"column":21}},"1":{"start":{"line":11,"column":4},"end":{"line":11,"column":21}},"2":{"start":{"line":12,"column":4},"end":{"line":12,"column":36}},"3":{"start":{"line":13,"column":4},"end":{"line":13,"column":25}},"4":{"start":{"line":17,"column":4},"end":{"line":17,"column":77}},"5":{"start":{"line":17,"column":51},"end":{"line":17,"column":75}},"6":{"start":{"line":21,"column":17},"end":{"line":21,"column":54}},"7":{"start":{"line":22,"column":4},"end":{"line":22,"column":50}},"8":{"start":{"line":22,"column":39},"end":{"line":22,"column":48}},"9":{"start":{"line":23,"column":4},"end":{"line":23,"column":64}},"10":{"start":{"line":24,"column":4},"end":{"line":24,"column":16}},"11":{"start":{"line":29,"column":4},"end":{"line":29,"column":49}},"12":{"start":{"line":29,"column":37},"end":{"line":29,"column":49}},"13":{"start":{"line":30,"column":4},"end":{"line":36,"column":5}},"14":{"start":{"line":30,"column":17},"end":{"line":30,"column":30}},"15":{"start":{"line":31,"column":6},"end":{"line":35,"column":7}},"16":{"start":{"line":32,"column":8},"end":{"line":32,"column":36}},"17":{"start":{"line":33,"column":8},"end":{"line":33,"column":48}},"18":{"start":{"line":34,"column":8},"end":{"line":34,"column":31}},"19":{"start":{"line":37,"column":4},"end":{"line":37,"column":16}},"20":{"start":{"line":41,"column":4},"end":{"line":41,"column":50}},"21":{"start":{"line":41,"column":37},"end":{"line":41,"column":50}},"22":{"start":{"line":42,"column":4},"end":{"line":42,"column":36}},"23":{"start":{"line":46,"column":18},"end":{"line":46,"column":20}},"24":{"start":{"line":47,"column":4},"end":{"line":47,"column":79}},"25":{"start":{"line":47,"column":17},"end":{"line":47,"column":18}},"26":{"start":{"line":47,"column":40},"end":{"line":47,"column":79}},"27":{"start":{"line":47,"column":65},"end":{"line":47,"column":79}},"28":{"start":{"line":48,"column":4},"end":{"line":48,"column":17}},"29":{"start":{"line":53,"column":19},"end":{"line":53,"column":39}},"30":{"start":{"line":54,"column":4},"end":{"line":54,"column":35}},"31":{"start":{"line":54,"column":22},"end":{"line":54,"column":35}},"32":{"start":{"line":56,"column":23},"end":{"line":61,"column":5}},"33":{"start":{"line":63,"column":4},"end":{"line":82,"column":5}},"34":{"start":{"line":64,"column":18},"end":{"line":64,"column":19}},"35":{"start":{"line":66,"column":14},"end":{"line":66,"column":22}},"36":{"start":{"line":67,"column":14},"end":{"line":67,"column":22}},"37":{"start":{"line":68,"column":6},"end":{"line":72,"column":7}},"38":{"start":{"line":69,"column":8},"end":{"line":69,"column":16}},"39":{"start":{"line":70,"column":8},"end":{"line":70,"column":16}},"40":{"start":{"line":71,"column":8},"end":{"line":71,"column":16}},"41":{"start":{"line":74,"column":6},"end":{"line":74,"column":19}},"42":{"start":{"line":75,"column":6},"end":{"line":75,"column":19}},"43":{"start":{"line":76,"column":6},"end":{"line":80,"column":7}},"44":{"start":{"line":77,"column":8},"end":{"line":77,"column":16}},"45":{"start":{"line":78,"column":8},"end":{"line":78,"column":16}},"46":{"start":{"line":79,"column":8},"end":{"line":79,"column":16}},"47":{"start":{"line":81,"column":6},"end":{"line":81,"column":34}},"48":{"start":{"line":81,"column":22},"end":{"line":81,"column":34}},"49":{"start":{"line":84,"column":4},"end":{"line":84,"column":17}},"50":{"start":{"line":88,"column":4},"end":{"line":88,"column":37}},"51":{"start":{"line":88,"column":24},"end":{"line":88,"column":37}},"52":{"start":{"line":89,"column":4},"end":{"line":89,"column":65}},"53":{"start":{"line":94,"column":4},"end":{"line":94,"column":47}},"54":{"start":{"line":94,"column":38},"end":{"line":94,"column":45}},"55":{"start":{"line":98,"column":4},"end":{"line":98,"column":62}},"56":{"start":{"line":103,"column":4},"end":{"line":108,"column":5}},"57":{"start":{"line":103,"column":17},"end":{"line":103,"column":18}},"58":{"start":{"line":104,"column":6},"end":{"line":104,"column":41}},"59":{"start":{"line":104,"column":32},"end":{"line":104,"column":41}},"60":{"start":{"line":105,"column":18},"end":{"line":105,"column":30}},"61":{"start":{"line":106,"column":18},"end":{"line":106,"column":41}},"62":{"start":{"line":107,"column":6},"end":{"line":107,"column":60}},"63":{"start":{"line":107,"column":51},"end":{"line":107,"column":60}},"64":{"start":{"line":109,"column":4},"end":{"line":109,"column":16}},"65":{"start":{"line":114,"column":4},"end":{"line":119,"column":6}}},"fnMap":{"0":{"name":"(anonymous_0)","decl":{"start":{"line":9,"column":2},"end":{"line":9,"column":3}},"loc":{"start":{"line":9,"column":34},"end":{"line":14,"column":3}},"line":9},"1":{"name":"(anonymous_1)","decl":{"start":{"line":16,"column":2},"end":{"line":16,"column":3}},"loc":{"start":{"line":16,"column":16},"end":{"line":18,"column":3}},"line":16},"2":{"name":"(anonymous_2)","decl":{"start":{"line":17,"column":45},"end":{"line":17,"column":46}},"loc":{"start":{"line":17,"column":51},"end":{"line":17,"column":75}},"line":17},"3":{"name":"(anonymous_3)","decl":{"start":{"line":20,"column":2},"end":{"line":20,"column":3}},"loc":{"start":{"line":20,"column":10},"end":{"line":25,"column":3}},"line":20},"4":{"name":"(anonymous_4)","decl":{"start":{"line":22,"column":32},"end":{"line":22,"column":33}},"loc":{"start":{"line":22,"column":39},"end":{"line":22,"column":48}},"line":22},"5":{"name":"(anonymous_5)","decl":{"start":{"line":28,"column":2},"end":{"line":28,"column":3}},"loc":{"start":{"line":28,"column":24},"end":{"line":38,"column":3}},"line":28},"6":{"name":"(anonymous_6)","decl":{"start":{"line":40,"column":2},"end":{"line":40,"column":3}},"loc":{"start":{"line":40,"column":19},"end":{"line":43,"column":3}},"line":40},"7":{"name":"(anonymous_7)","decl":{"start":{"line":45,"column":2},"end":{"line":45,"column":3}},"loc":{"start":{"line":45,"column":18},"end":{"line":49,"column":3}},"line":45},"8":{"name":"(anonymous_8)","decl":{"start":{"line":52,"column":2},"end":{"line":52,"column":3}},"loc":{"start":{"line":52,"column":23},"end":{"line":85,"column":3}},"line":52},"9":{"name":"(anonymous_9)","decl":{"start":{"line":87,"column":2},"end":{"line":87,"column":3}},"loc":{"start":{"line":87,"column":21},"end":{"line":90,"column":3}},"line":87},"10":{"name":"(anonymous_10)","decl":{"start":{"line":92,"column":2},"end":{"line":92,"column":3}},"loc":{"start":{"line":92,"column":14},"end":{"line":95,"column":3}},"line":92},"11":{"name":"(anonymous_11)","decl":{"start":{"line":94,"column":31},"end":{"line":94,"column":32}},"loc":{"start":{"line":94,"column":38},"end":{"line":94,"column":45}},"line":94},"12":{"name":"(anonymous_12)","decl":{"start":{"line":97,"column":2},"end":{"line":97,"column":3}},"loc":{"start":{"line":97,"column":17},"end":{"line":99,"column":3}},"line":97},"13":{"name":"(anonymous_13)","decl":{"start":{"line":102,"column":2},"end":{"line":102,"column":3}},"loc":{"start":{"line":102,"column":26},"end":{"line":110,"column":3}},"line":102},"14":{"name":"(anonymous_14)","decl":{"start":{"line":113,"column":2},"end":{"line":113,"column":3}},"loc":{"start":{"line":113,"column":11},"end":{"line":120,"column":3}},"line":113}},"branchMap":{"0":{"loc":{"start":{"line":9,"column":14},"end":{"line":9,"column":22}},"type":"default-arg","locations":[{"start":{"line":9,"column":21},"end":{"line":9,"column":22}}],"line":9},"1":{"loc":{"start":{"line":9,"column":24},"end":{"line":9,"column":32}},"type":"default-arg","locations":[{"start":{"line":9,"column":31},"end":{"line":9,"column":32}}],"line":9},"2":{"loc":{"start":{"line":23,"column":20},"end":{"line":23,"column":63}},"type":"cond-expr","locations":[{"start":{"line":23,"column":36},"end":{"line":23,"column":56}},{"start":{"line":23,"column":59},"end":{"line":23,"column":63}}],"line":23},"3":{"loc":{"start":{"line":29,"column":4},"end":{"line":29,"column":49}},"type":"if","locations":[{"start":{"line":29,"column":4},"end":{"line":29,"column":49}},{"start":{},"end":{}}],"line":29},"4":{"loc":{"start":{"line":29,"column":8},"end":{"line":29,"column":35}},"type":"binary-expr","locations":[{"start":{"line":29,"column":8},"end":{"line":29,"column":15}},{"start":{"line":29,"column":19},"end":{"line":29,"column":35}}],"line":29},"5":{"loc":{"start":{"line":31,"column":6},"end":{"line":35,"column":7}},"type":"if","locations":[{"start":{"line":31,"column":6},"end":{"line":35,"column":7}},{"start":{},"end":{}}],"line":31},"6":{"loc":{"start":{"line":41,"column":4},"end":{"line":41,"column":50}},"type":"if","locations":[{"start":{"line":41,"column":4},"end":{"line":41,"column":50}},{"start":{},"end":{}}],"line":41},"7":{"loc":{"start":{"line":41,"column":8},"end":{"line":41,"column":35}},"type":"binary-expr","locations":[{"start":{"line":41,"column":8},"end":{"line":41,"column":15}},{"start":{"line":41,"column":19},"end":{"line":41,"column":35}}],"line":41},"8":{"loc":{"start":{"line":47,"column":40},"end":{"line":47,"column":79}},"type":"if","locations":[{"start":{"line":47,"column":40},"end":{"line":47,"column":79}},{"start":{},"end":{}}],"line":47},"9":{"loc":{"start":{"line":54,"column":4},"end":{"line":54,"column":35}},"type":"if","locations":[{"start":{"line":54,"column":4},"end":{"line":54,"column":35}},{"start":{},"end":{}}],"line":54},"10":{"loc":{"start":{"line":68,"column":13},"end":{"line":68,"column":63}},"type":"binary-expr","locations":[{"start":{"line":68,"column":13},"end":{"line":68,"column":32}},{"start":{"line":68,"column":36},"end":{"line":68,"column":63}}],"line":68},"11":{"loc":{"start":{"line":76,"column":13},"end":{"line":76,"column":63}},"type":"binary-expr","locations":[{"start":{"line":76,"column":13},"end":{"line":76,"column":32}},{"start":{"line":76,"column":36},"end":{"line":76,"column":63}}],"line":76},"12":{"loc":{"start":{"line":81,"column":6},"end":{"line":81,"column":34}},"type":"if","locations":[{"start":{"line":81,"column":6},"end":{"line":81,"column":34}},{"start":{},"end":{}}],"line":81},"13":{"loc":{"start":{"line":88,"column":4},"end":{"line":88,"column":37}},"type":"if","locations":[{"start":{"line":88,"column":4},"end":{"line":88,"column":37}},{"start":{},"end":{}}],"line":88},"14":{"loc":{"start":{"line":98,"column":11},"end":{"line":98,"column":61}},"type":"binary-expr","locations":[{"start":{"line":98,"column":11},"end":{"line":98,"column":17}},{"start":{"line":98,"column":21},"end":{"line":98,"column":34}},{"start":{"line":98,"column":38},"end":{"line":98,"column":44}},{"start":{"line":98,"column":48},"end":{"line":98,"column":61}}],"line":98},"15":{"loc":{"start":{"line":104,"column":6},"end":{"line":104,"column":41}},"type":"if","locations":[{"start":{"line":104,"column":6},"end":{"line":104,"column":41}},{"start":{},"end":{}}],"line":104},"16":{"loc":{"start":{"line":107,"column":6},"end":{"line":107,"column":60}},"type":"if","locations":[{"start":{"line":107,"column":6},"end":{"line":107,"column":60}},{"start":{},"end":{}}],"line":107},"17":{"loc":{"start":{"line":107,"column":10},"end":{"line":107,"column":49}},"type":"binary-expr","locations":[{"start":{"line":107,"column":10},"end":{"line":107,"column":13}},{"start":{"line":107,"column":17},"end":{"line":107,"column":49}}],"line":107}},"s":{"0":44,"1":44,"2":44,"3":44,"4":44,"5":260,"6":33,"7":33,"8":198,"9":33,"10":33,"11":65,"12":0,"13":65,"14":65,"15":95,"16":65,"17":65,"18":65,"19":0,"20":34,"21":0,"22":34,"23":0,"24":0,"25":0,"26":0,"27":0,"28":0,"29":36,"30":36,"31":0,"32":36,"33":36,"34":130,"35":130,"36":130,"37":130,"38":27,"39":27,"40":27,"41":130,"42":130,"43":130,"44":12,"45":12,"46":12,"47":130,"48":6,"49":30,"50":3,"51":0,"52":3,"53":1,"54":2,"55":299,"56":6,"57":6,"58":33,"59":0,"60":33,"61":33,"62":33,"63":3,"64":3,"65":0},"f":{"0":44,"1":44,"2":260,"3":33,"4":198,"5":65,"6":34,"7":0,"8":36,"9":3,"10":1,"11":2,"12":299,"13":6,"14":0},"b":{"0":[10],"1":[10],"2":[19,14],"3":[0,65],"4":[65,65],"5":[65,30],"6":[0,34],"7":[34,34],"8":[0,0],"9":[0,36],"10":[157,73],"11":[142,123],"12":[6,124],"13":[0,3],"14":[299,299,222,202],"15":[0,33],"16":[3,30],"17":[33,33]},"inputSourceMap":null,"_coverageSchema":"1a1c01bbd47fc00a2c39e90264f33305004495a9","hash":"48bd4fcba530161cc1bbc226f3e75bc842b9dd53"}
,"C:\\chandu\\Projects\\GameTask\\backend\\game\\index.js": {"path":"C:\\chandu\\Projects\\GameTask\\backend\\game\\index.js","statementMap":{},"fnMap":{},"branchMap":{},"s":{},"f":{},"b":{},"inputSourceMap":null,"_coverageSchema":"1a1c01bbd47fc00a2c39e90264f33305004495a9","hash":"5aa0640febae9d33aa70e134ff2d62b3adf5ab7d"}
,"C:\\chandu\\Projects\\GameTask\\backend\\game\\service.js": {"path":"C:\\chandu\\Projects\\GameTask\\backend\\game\\service.js","statementMap":{"0":{"start":{"line":7,"column":4},"end":{"line":7,"column":27}},"1":{"start":{"line":8,"column":4},"end":{"line":8,"column":45}},"2":{"start":{"line":9,"column":4},"end":{"line":9,"column":35}},"3":{"start":{"line":10,"column":4},"end":{"line":10,"column":27}},"4":{"start":{"line":14,"column":15},"end":{"line":14,"column":23}},"5":{"start":{"line":15,"column":19},"end":{"line":15,"column":36}},"6":{"start":{"line":16,"column":17},"end":{"line":27,"column":5}},"7":{"start":{"line":28,"column":4},"end":{"line":28,"column":29}},"8":{"start":{"line":29,"column":4},"end":{"line":29,"column":16}},"9":{"start":{"line":33,"column":4},"end":{"line":33,"column":38}},"10":{"start":{"line":37,"column":4},"end":{"line":39,"column":5}},"11":{"start":{"line":38,"column":6},"end":{"line":38,"column":87}},"12":{"start":{"line":38,"column":32},"end":{"line":38,"column":49}},"13":{"start":{"line":38,"column":78},"end":{"line":38,"column":87}},"14":{"start":{"line":40,"column":4},"end":{"line":40,"column":16}},"15":{"start":{"line":44,"column":17},"end":{"line":44,"column":39}},"16":{"start":{"line":45,"column":4},"end":{"line":45,"column":28}},"17":{"start":{"line":45,"column":15},"end":{"line":45,"column":28}},"18":{"start":{"line":46,"column":14},"end":{"line":46,"column":59}},"19":{"start":{"line":46,"column":40},"end":{"line":46,"column":58}},"20":{"start":{"line":47,"column":4},"end":{"line":47,"column":25}},"21":{"start":{"line":47,"column":12},"end":{"line":47,"column":25}},"22":{"start":{"line":48,"column":4},"end":{"line":48,"column":22}},"23":{"start":{"line":49,"column":4},"end":{"line":49,"column":16}},"24":{"start":{"line":53,"column":17},"end":{"line":53,"column":39}},"25":{"start":{"line":54,"column":4},"end":{"line":54,"column":44}},"26":{"start":{"line":54,"column":15},"end":{"line":54,"column":44}},"27":{"start":{"line":56,"column":24},"end":{"line":56,"column":72}},"28":{"start":{"line":56,"column":54},"end":{"line":56,"column":71}},"29":{"start":{"line":57,"column":4},"end":{"line":57,"column":58}},"30":{"start":{"line":57,"column":28},"end":{"line":57,"column":58}},"31":{"start":{"line":59,"column":22},"end":{"line":59,"column":47}},"32":{"start":{"line":62,"column":4},"end":{"line":62,"column":72}},"33":{"start":{"line":62,"column":40},"end":{"line":62,"column":72}},"34":{"start":{"line":64,"column":4},"end":{"line":64,"column":71}},"35":{"start":{"line":64,"column":39},"end":{"line":64,"column":71}},"36":{"start":{"line":66,"column":16},"end":{"line":66,"column":52}},"37":{"start":{"line":67,"column":4},"end":{"line":67,"column":69}},"38":{"start":{"line":70,"column":4},"end":{"line":77,"column":5}},"39":{"start":{"line":71,"column":6},"end":{"line":71,"column":26}},"40":{"start":{"line":72,"column":6},"end":{"line":72,"column":29}},"41":{"start":{"line":73,"column":6},"end":{"line":73,"column":32}},"42":{"start":{"line":74,"column":6},"end":{"line":74,"column":80}},"43":{"start":{"line":75,"column":6},"end":{"line":75,"column":30}},"44":{"start":{"line":76,"column":6},"end":{"line":76,"column":64}},"45":{"start":{"line":80,"column":4},"end":{"line":86,"column":5}},"46":{"start":{"line":81,"column":6},"end":{"line":81,"column":27}},"47":{"start":{"line":82,"column":6},"end":{"line":82,"column":32}},"48":{"start":{"line":83,"column":6},"end":{"line":83,"column":80}},"49":{"start":{"line":84,"column":6},"end":{"line":84,"column":30}},"50":{"start":{"line":85,"column":6},"end":{"line":85,"column":47}},"51":{"start":{"line":89,"column":4},"end":{"line":89,"column":47}},"52":{"start":{"line":90,"column":4},"end":{"line":90,"column":76}},"53":{"start":{"line":94,"column":17},"end":{"line":94,"column":47}},"54":{"start":{"line":95,"column":4},"end":{"line":95,"column":28}},"55":{"start":{"line":95,"column":15},"end":{"line":95,"column":28}},"56":{"start":{"line":97,"column":4},"end":{"line":97,"column":53}},"57":{"start":{"line":100,"column":21},"end":{"line":100,"column":64}},"58":{"start":{"line":100,"column":46},"end":{"line":100,"column":63}},"59":{"start":{"line":101,"column":4},"end":{"line":103,"column":5}},"60":{"start":{"line":102,"column":6},"end":{"line":102,"column":98}},"61":{"start":{"line":106,"column":18},"end":{"line":108,"column":29}},"62":{"start":{"line":107,"column":6},"end":{"line":107,"column":42}},"63":{"start":{"line":110,"column":4},"end":{"line":110,"column":43}},"64":{"start":{"line":111,"column":4},"end":{"line":111,"column":16}},"65":{"start":{"line":115,"column":17},"end":{"line":115,"column":47}},"66":{"start":{"line":116,"column":4},"end":{"line":116,"column":28}},"67":{"start":{"line":116,"column":15},"end":{"line":116,"column":28}},"68":{"start":{"line":119,"column":18},"end":{"line":119,"column":49}},"69":{"start":{"line":120,"column":4},"end":{"line":123,"column":5}},"70":{"start":{"line":121,"column":6},"end":{"line":121,"column":26}},"71":{"start":{"line":122,"column":6},"end":{"line":122,"column":41}},"72":{"start":{"line":126,"column":4},"end":{"line":126,"column":29}},"73":{"start":{"line":129,"column":19},"end":{"line":129,"column":62}},"74":{"start":{"line":129,"column":44},"end":{"line":129,"column":61}},"75":{"start":{"line":130,"column":4},"end":{"line":130,"column":39}},"76":{"start":{"line":130,"column":16},"end":{"line":130,"column":39}},"77":{"start":{"line":133,"column":4},"end":{"line":137,"column":7}},"78":{"start":{"line":133,"column":34},"end":{"line":137,"column":7}},"79":{"start":{"line":133,"column":65},"end":{"line":137,"column":7}},"80":{"start":{"line":139,"column":4},"end":{"line":139,"column":16}},"81":{"start":{"line":143,"column":17},"end":{"line":143,"column":37}},"82":{"start":{"line":144,"column":4},"end":{"line":144,"column":57}},"83":{"start":{"line":144,"column":44},"end":{"line":144,"column":57}},"84":{"start":{"line":146,"column":21},"end":{"line":146,"column":68}},"85":{"start":{"line":146,"column":51},"end":{"line":146,"column":67}},"86":{"start":{"line":147,"column":4},"end":{"line":147,"column":38}},"87":{"start":{"line":147,"column":25},"end":{"line":147,"column":38}},"88":{"start":{"line":149,"column":19},"end":{"line":149,"column":55}},"89":{"start":{"line":151,"column":4},"end":{"line":151,"column":28}},"90":{"start":{"line":152,"column":4},"end":{"line":152,"column":28}},"91":{"start":{"line":153,"column":4},"end":{"line":153,"column":30}},"92":{"start":{"line":154,"column":4},"end":{"line":154,"column":78}},"93":{"start":{"line":157,"column":4},"end":{"line":157,"column":137}},"94":{"start":{"line":157,"column":34},"end":{"line":157,"column":137}},"95":{"start":{"line":157,"column":65},"end":{"line":157,"column":137}},"96":{"start":{"line":160,"column":18},"end":{"line":160,"column":49}},"97":{"start":{"line":161,"column":4},"end":{"line":164,"column":5}},"98":{"start":{"line":162,"column":6},"end":{"line":162,"column":26}},"99":{"start":{"line":163,"column":6},"end":{"line":163,"column":41}},"100":{"start":{"line":166,"column":4},"end":{"line":166,"column":28}},"101":{"start":{"line":167,"column":4},"end":{"line":167,"column":16}},"102":{"start":{"line":172,"column":4},"end":{"line":191,"column":5}},"103":{"start":{"line":173,"column":6},"end":{"line":188,"column":7}},"104":{"start":{"line":174,"column":8},"end":{"line":183,"column":11}},"105":{"start":{"line":176,"column":44},"end":{"line":176,"column":78}},"106":{"start":{"line":185,"column":8},"end":{"line":187,"column":9}},"107":{"start":{"line":186,"column":10},"end":{"line":186,"column":74}},"108":{"start":{"line":190,"column":6},"end":{"line":190,"column":52}}},"fnMap":{"0":{"name":"(anonymous_0)","decl":{"start":{"line":6,"column":2},"end":{"line":6,"column":3}},"loc":{"start":{"line":6,"column":65},"end":{"line":11,"column":3}},"line":6},"1":{"name":"(anonymous_1)","decl":{"start":{"line":13,"column":2},"end":{"line":13,"column":3}},"loc":{"start":{"line":13,"column":50},"end":{"line":30,"column":3}},"line":13},"2":{"name":"(anonymous_2)","decl":{"start":{"line":32,"column":2},"end":{"line":32,"column":3}},"loc":{"start":{"line":32,"column":14},"end":{"line":34,"column":3}},"line":32},"3":{"name":"(anonymous_3)","decl":{"start":{"line":36,"column":2},"end":{"line":36,"column":3}},"loc":{"start":{"line":36,"column":28},"end":{"line":41,"column":3}},"line":36},"4":{"name":"(anonymous_4)","decl":{"start":{"line":38,"column":25},"end":{"line":38,"column":26}},"loc":{"start":{"line":38,"column":32},"end":{"line":38,"column":49}},"line":38},"5":{"name":"(anonymous_5)","decl":{"start":{"line":43,"column":2},"end":{"line":43,"column":3}},"loc":{"start":{"line":43,"column":43},"end":{"line":50,"column":3}},"line":43},"6":{"name":"(anonymous_6)","decl":{"start":{"line":46,"column":32},"end":{"line":46,"column":33}},"loc":{"start":{"line":46,"column":40},"end":{"line":46,"column":58}},"line":46},"7":{"name":"(anonymous_7)","decl":{"start":{"line":52,"column":2},"end":{"line":52,"column":3}},"loc":{"start":{"line":52,"column":35},"end":{"line":91,"column":3}},"line":52},"8":{"name":"(anonymous_8)","decl":{"start":{"line":56,"column":47},"end":{"line":56,"column":48}},"loc":{"start":{"line":56,"column":54},"end":{"line":56,"column":71}},"line":56},"9":{"name":"(anonymous_9)","decl":{"start":{"line":93,"column":2},"end":{"line":93,"column":3}},"loc":{"start":{"line":93,"column":29},"end":{"line":112,"column":3}},"line":93},"10":{"name":"(anonymous_10)","decl":{"start":{"line":100,"column":39},"end":{"line":100,"column":40}},"loc":{"start":{"line":100,"column":46},"end":{"line":100,"column":63}},"line":100},"11":{"name":"(anonymous_11)","decl":{"start":{"line":106,"column":29},"end":{"line":106,"column":30}},"loc":{"start":{"line":106,"column":35},"end":{"line":108,"column":5}},"line":106},"12":{"name":"(anonymous_12)","decl":{"start":{"line":114,"column":2},"end":{"line":114,"column":3}},"loc":{"start":{"line":114,"column":36},"end":{"line":140,"column":3}},"line":114},"13":{"name":"(anonymous_13)","decl":{"start":{"line":129,"column":37},"end":{"line":129,"column":38}},"loc":{"start":{"line":129,"column":44},"end":{"line":129,"column":61}},"line":129},"14":{"name":"(anonymous_14)","decl":{"start":{"line":142,"column":2},"end":{"line":142,"column":3}},"loc":{"start":{"line":142,"column":31},"end":{"line":168,"column":3}},"line":142},"15":{"name":"(anonymous_15)","decl":{"start":{"line":146,"column":44},"end":{"line":146,"column":45}},"loc":{"start":{"line":146,"column":51},"end":{"line":146,"column":67}},"line":146},"16":{"name":"(anonymous_16)","decl":{"start":{"line":170,"column":2},"end":{"line":170,"column":3}},"loc":{"start":{"line":170,"column":27},"end":{"line":194,"column":3}},"line":170},"17":{"name":"(anonymous_17)","decl":{"start":{"line":176,"column":36},"end":{"line":176,"column":37}},"loc":{"start":{"line":176,"column":44},"end":{"line":176,"column":78}},"line":176}},"branchMap":{"0":{"loc":{"start":{"line":6,"column":14},"end":{"line":6,"column":63}},"type":"default-arg","locations":[{"start":{"line":6,"column":61},"end":{"line":6,"column":63}}],"line":6},"1":{"loc":{"start":{"line":6,"column":16},"end":{"line":6,"column":40}},"type":"default-arg","locations":[{"start":{"line":6,"column":35},"end":{"line":6,"column":40}}],"line":6},"2":{"loc":{"start":{"line":6,"column":42},"end":{"line":6,"column":56}},"type":"default-arg","locations":[{"start":{"line":6,"column":52},"end":{"line":6,"column":56}}],"line":6},"3":{"loc":{"start":{"line":13,"column":31},"end":{"line":13,"column":48}},"type":"default-arg","locations":[{"start":{"line":13,"column":43},"end":{"line":13,"column":48}}],"line":13},"4":{"loc":{"start":{"line":33,"column":11},"end":{"line":33,"column":37}},"type":"binary-expr","locations":[{"start":{"line":33,"column":11},"end":{"line":33,"column":29}},{"start":{"line":33,"column":33},"end":{"line":33,"column":37}}],"line":33},"5":{"loc":{"start":{"line":38,"column":6},"end":{"line":38,"column":87}},"type":"if","locations":[{"start":{"line":38,"column":6},"end":{"line":38,"column":87}},{"start":{},"end":{}}],"line":38},"6":{"loc":{"start":{"line":38,"column":10},"end":{"line":38,"column":76}},"type":"binary-expr","locations":[{"start":{"line":38,"column":10},"end":{"line":38,"column":50}},{"start":{"line":38,"column":54},"end":{"line":38,"column":76}}],"line":38},"7":{"loc":{"start":{"line":45,"column":4},"end":{"line":45,"column":28}},"type":"if","locations":[{"start":{"line":45,"column":4},"end":{"line":45,"column":28}},{"start":{},"end":{}}],"line":45},"8":{"loc":{"start":{"line":47,"column":4},"end":{"line":47,"column":25}},"type":"if","locations":[{"start":{"line":47,"column":4},"end":{"line":47,"column":25}},{"start":{},"end":{}}],"line":47},"9":{"loc":{"start":{"line":54,"column":4},"end":{"line":54,"column":44}},"type":"if","locations":[{"start":{"line":54,"column":4},"end":{"line":54,"column":44}},{"start":{},"end":{}}],"line":54},"10":{"loc":{"start":{"line":57,"column":4},"end":{"line":57,"column":58}},"type":"if","locations":[{"start":{"line":57,"column":4},"end":{"line":57,"column":58}},{"start":{},"end":{}}],"line":57},"11":{"loc":{"start":{"line":59,"column":22},"end":{"line":59,"column":47}},"type":"cond-expr","locations":[{"start":{"line":59,"column":42},"end":{"line":59,"column":43}},{"start":{"line":59,"column":46},"end":{"line":59,"column":47}}],"line":59},"12":{"loc":{"start":{"line":62,"column":4},"end":{"line":62,"column":72}},"type":"if","locations":[{"start":{"line":62,"column":4},"end":{"line":62,"column":72}},{"start":{},"end":{}}],"line":62},"13":{"loc":{"start":{"line":64,"column":4},"end":{"line":64,"column":71}},"type":"if","locations":[{"start":{"line":64,"column":4},"end":{"line":64,"column":71}},{"start":{},"end":{}}],"line":64},"14":{"loc":{"start":{"line":70,"column":4},"end":{"line":77,"column":5}},"type":"if","locations":[{"start":{"line":70,"column":4},"end":{"line":77,"column":5}},{"start":{},"end":{}}],"line":70},"15":{"loc":{"start":{"line":80,"column":4},"end":{"line":86,"column":5}},"type":"if","locations":[{"start":{"line":80,"column":4},"end":{"line":86,"column":5}},{"start":{},"end":{}}],"line":80},"16":{"loc":{"start":{"line":89,"column":23},"end":{"line":89,"column":46}},"type":"cond-expr","locations":[{"start":{"line":89,"column":41},"end":{"line":89,"column":42}},{"start":{"line":89,"column":45},"end":{"line":89,"column":46}}],"line":89},"17":{"loc":{"start":{"line":95,"column":4},"end":{"line":95,"column":28}},"type":"if","locations":[{"start":{"line":95,"column":4},"end":{"line":95,"column":28}},{"start":{},"end":{}}],"line":95},"18":{"loc":{"start":{"line":101,"column":4},"end":{"line":103,"column":5}},"type":"if","locations":[{"start":{"line":101,"column":4},"end":{"line":103,"column":5}},{"start":{},"end":{}}],"line":101},"19":{"loc":{"start":{"line":101,"column":8},"end":{"line":101,"column":59}},"type":"binary-expr","locations":[{"start":{"line":101,"column":8},"end":{"line":101,"column":16}},{"start":{"line":101,"column":20},"end":{"line":101,"column":35}},{"start":{"line":101,"column":39},"end":{"line":101,"column":59}}],"line":101},"20":{"loc":{"start":{"line":116,"column":4},"end":{"line":116,"column":28}},"type":"if","locations":[{"start":{"line":116,"column":4},"end":{"line":116,"column":28}},{"start":{},"end":{}}],"line":116},"21":{"loc":{"start":{"line":120,"column":4},"end":{"line":123,"column":5}},"type":"if","locations":[{"start":{"line":120,"column":4},"end":{"line":123,"column":5}},{"start":{},"end":{}}],"line":120},"22":{"loc":{"start":{"line":130,"column":4},"end":{"line":130,"column":39}},"type":"if","locations":[{"start":{"line":130,"column":4},"end":{"line":130,"column":39}},{"start":{},"end":{}}],"line":130},"23":{"loc":{"start":{"line":133,"column":34},"end":{"line":137,"column":7}},"type":"if","locations":[{"start":{"line":133,"column":34},"end":{"line":137,"column":7}},{"start":{},"end":{}}],"line":133},"24":{"loc":{"start":{"line":133,"column":38},"end":{"line":133,"column":63}},"type":"binary-expr","locations":[{"start":{"line":133,"column":38},"end":{"line":133,"column":46}},{"start":{"line":133,"column":50},"end":{"line":133,"column":63}}],"line":133},"25":{"loc":{"start":{"line":144,"column":4},"end":{"line":144,"column":57}},"type":"if","locations":[{"start":{"line":144,"column":4},"end":{"line":144,"column":57}},{"start":{},"end":{}}],"line":144},"26":{"loc":{"start":{"line":144,"column":8},"end":{"line":144,"column":42}},"type":"binary-expr","locations":[{"start":{"line":144,"column":8},"end":{"line":144,"column":13}},{"start":{"line":144,"column":17},"end":{"line":144,"column":42}}],"line":144},"27":{"loc":{"start":{"line":147,"column":4},"end":{"line":147,"column":38}},"type":"if","locations":[{"start":{"line":147,"column":4},"end":{"line":147,"column":38}},{"start":{},"end":{}}],"line":147},"28":{"loc":{"start":{"line":149,"column":32},"end":{"line":149,"column":54}},"type":"cond-expr","locations":[{"start":{"line":149,"column":49},"end":{"line":149,"column":50}},{"start":{"line":149,"column":53},"end":{"line":149,"column":54}}],"line":149},"29":{"loc":{"start":{"line":157,"column":34},"end":{"line":157,"column":137}},"type":"if","locations":[{"start":{"line":157,"column":34},"end":{"line":157,"column":137}},{"start":{},"end":{}}],"line":157},"30":{"loc":{"start":{"line":157,"column":38},"end":{"line":157,"column":63}},"type":"binary-expr","locations":[{"start":{"line":157,"column":38},"end":{"line":157,"column":46}},{"start":{"line":157,"column":50},"end":{"line":157,"column":63}}],"line":157},"31":{"loc":{"start":{"line":161,"column":4},"end":{"line":164,"column":5}},"type":"if","locations":[{"start":{"line":161,"column":4},"end":{"line":164,"column":5}},{"start":{},"end":{}}],"line":161},"32":{"loc":{"start":{"line":173,"column":6},"end":{"line":188,"column":7}},"type":"if","locations":[{"start":{"line":173,"column":6},"end":{"line":188,"column":7}},{"start":{},"end":{}}],"line":173},"33":{"loc":{"start":{"line":177,"column":20},"end":{"line":177,"column":39}},"type":"binary-expr","locations":[{"start":{"line":177,"column":20},"end":{"line":177,"column":31}},{"start":{"line":177,"column":35},"end":{"line":177,"column":39}}],"line":177},"34":{"loc":{"start":{"line":185,"column":8},"end":{"line":187,"column":9}},"type":"if","locations":[{"start":{"line":185,"column":8},"end":{"line":187,"column":9}},{"start":{},"end":{}}],"line":185}},"s":{"0":2,"1":2,"2":2,"3":2,"4":2,"5":2,"6":2,"7":2,"8":2,"9":3,"10":3,"11":3,"12":3,"13":3,"14":0,"15":0,"16":0,"17":0,"18":0,"19":0,"20":0,"21":0,"22":0,"23":0,"24":0,"25":0,"26":0,"27":0,"28":0,"29":0,"30":0,"31":0,"32":0,"33":0,"34":0,"35":0,"36":0,"37":0,"38":0,"39":0,"40":0,"41":0,"42":0,"43":0,"44":0,"45":0,"46":0,"47":0,"48":0,"49":0,"50":0,"51":0,"52":0,"53":2,"54":2,"55":0,"56":2,"57":2,"58":4,"59":2,"60":2,"61":2,"62":1,"63":2,"64":2,"65":1,"66":1,"67":0,"68":1,"69":1,"70":1,"71":1,"72":1,"73":1,"74":1,"75":1,"76":1,"77":1,"78":2,"79":2,"80":1,"81":1,"82":1,"83":0,"84":1,"85":1,"86":1,"87":0,"88":1,"89":1,"90":1,"91":1,"92":1,"93":1,"94":2,"95":2,"96":1,"97":1,"98":1,"99":1,"100":1,"101":1,"102":1,"103":1,"104":0,"105":0,"106":0,"107":0,"108":0},"f":{"0":2,"1":2,"2":3,"3":3,"4":3,"5":0,"6":0,"7":0,"8":0,"9":2,"10":4,"11":1,"12":1,"13":1,"14":1,"15":1,"16":1,"17":0},"b":{"0":[0],"1":[0],"2":[0],"3":[0],"4":[3,0],"5":[3,0],"6":[3,3],"7":[0,0],"8":[0,0],"9":[0,0],"10":[0,0],"11":[0,0],"12":[0,0],"13":[0,0],"14":[0,0],"15":[0,0],"16":[0,0],"17":[0,2],"18":[2,0],"19":[2,2,2],"20":[0,1],"21":[1,0],"22":[1,0],"23":[2,0],"24":[2,2],"25":[0,1],"26":[1,1],"27":[0,1],"28":[1,0],"29":[2,0],"30":[2,2],"31":[1,0],"32":[0,1],"33":[0,0],"34":[0,0]},"inputSourceMap":null,"_coverageSchema":"1a1c01bbd47fc00a2c39e90264f33305004495a9","hash":"ec4fbf1ee1a4081d5bab8025f07a8f15d8777d70"}
,"C:\\chandu\\Projects\\GameTask\\backend\\matchmaking\\matchmaker.js": {"path":"C:\\chandu\\Projects\\GameTask\\backend\\matchmaking\\matchmaker.js","statementMap":{"0":{"start":{"line":7,"column":4},"end":{"line":7,"column":12}},"1":{"start":{"line":8,"column":4},"end":{"line":8,"column":25}},"2":{"start":{"line":9,"column":4},"end":{"line":9,"column":20}},"3":{"start":{"line":14,"column":18},"end":{"line":14,"column":26}},"4":{"start":{"line":15,"column":17},"end":{"line":15,"column":34}},"5":{"start":{"line":18,"column":4},"end":{"line":23,"column":5}},"6":{"start":{"line":19,"column":22},"end":{"line":19,"column":45}},"7":{"start":{"line":20,"column":6},"end":{"line":20,"column":32}},"8":{"start":{"line":21,"column":6},"end":{"line":21,"column":47}},"9":{"start":{"line":22,"column":6},"end":{"line":22,"column":31}},"10":{"start":{"line":26,"column":18},"end":{"line":33,"column":19}},"11":{"start":{"line":28,"column":18},"end":{"line":28,"column":64}},"12":{"start":{"line":28,"column":46},"end":{"line":28,"column":63}},"13":{"start":{"line":29,"column":6},"end":{"line":32,"column":7}},"14":{"start":{"line":30,"column":8},"end":{"line":30,"column":34}},"15":{"start":{"line":31,"column":8},"end":{"line":31,"column":37}},"16":{"start":{"line":35,"column":4},"end":{"line":35,"column":23}},"17":{"start":{"line":36,"column":4},"end":{"line":36,"column":26}},"18":{"start":{"line":37,"column":4},"end":{"line":37,"column":37}},"19":{"start":{"line":41,"column":16},"end":{"line":41,"column":69}},"20":{"start":{"line":41,"column":44},"end":{"line":41,"column":68}},"21":{"start":{"line":42,"column":4},"end":{"line":46,"column":5}},"22":{"start":{"line":43,"column":6},"end":{"line":43,"column":42}},"23":{"start":{"line":44,"column":6},"end":{"line":44,"column":32}},"24":{"start":{"line":45,"column":6},"end":{"line":45,"column":18}},"25":{"start":{"line":47,"column":4},"end":{"line":47,"column":17}},"26":{"start":{"line":52,"column":4},"end":{"line":52,"column":29}}},"fnMap":{"0":{"name":"(anonymous_0)","decl":{"start":{"line":6,"column":2},"end":{"line":6,"column":3}},"loc":{"start":{"line":6,"column":30},"end":{"line":10,"column":3}},"line":6},"1":{"name":"(anonymous_1)","decl":{"start":{"line":13,"column":2},"end":{"line":13,"column":3}},"loc":{"start":{"line":13,"column":15},"end":{"line":38,"column":3}},"line":13},"2":{"name":"(anonymous_2)","decl":{"start":{"line":26,"column":29},"end":{"line":26,"column":30}},"loc":{"start":{"line":26,"column":35},"end":{"line":33,"column":5}},"line":26},"3":{"name":"(anonymous_3)","decl":{"start":{"line":28,"column":39},"end":{"line":28,"column":40}},"loc":{"start":{"line":28,"column":46},"end":{"line":28,"column":63}},"line":28},"4":{"name":"(anonymous_4)","decl":{"start":{"line":40,"column":2},"end":{"line":40,"column":3}},"loc":{"start":{"line":40,"column":18},"end":{"line":48,"column":3}},"line":40},"5":{"name":"(anonymous_5)","decl":{"start":{"line":41,"column":37},"end":{"line":41,"column":38}},"loc":{"start":{"line":41,"column":44},"end":{"line":41,"column":68}},"line":41},"6":{"name":"(anonymous_6)","decl":{"start":{"line":51,"column":2},"end":{"line":51,"column":3}},"loc":{"start":{"line":51,"column":14},"end":{"line":53,"column":3}},"line":51}},"branchMap":{"0":{"loc":{"start":{"line":6,"column":14},"end":{"line":6,"column":28}},"type":"default-arg","locations":[{"start":{"line":6,"column":23},"end":{"line":6,"column":28}}],"line":6},"1":{"loc":{"start":{"line":18,"column":4},"end":{"line":23,"column":5}},"type":"if","locations":[{"start":{"line":18,"column":4},"end":{"line":23,"column":5}},{"start":{},"end":{}}],"line":18},"2":{"loc":{"start":{"line":29,"column":6},"end":{"line":32,"column":7}},"type":"if","locations":[{"start":{"line":29,"column":6},"end":{"line":32,"column":7}},{"start":{},"end":{}}],"line":29},"3":{"loc":{"start":{"line":42,"column":4},"end":{"line":46,"column":5}},"type":"if","locations":[{"start":{"line":42,"column":4},"end":{"line":46,"column":5}},{"start":{},"end":{}}],"line":42}},"s":{"0":2,"1":2,"2":2,"3":3,"4":3,"5":3,"6":1,"7":1,"8":1,"9":1,"10":2,"11":1,"12":1,"13":1,"14":1,"15":1,"16":2,"17":2,"18":2,"19":0,"20":0,"21":0,"22":0,"23":0,"24":0,"25":0,"26":0},"f":{"0":2,"1":3,"2":1,"3":1,"4":0,"5":0,"6":0},"b":{"0":[0],"1":[1,2],"2":[1,0],"3":[0,0]},"inputSourceMap":null,"_coverageSchema":"1a1c01bbd47fc00a2c39e90264f33305004495a9","hash":"16eed2d74dd7bda1a6c144b04bcc59c9ad68e25e"}
,"C:\\chandu\\Projects\\GameTask\\backend\\models\\game.js": {"path":"C:\\chandu\\Projects\\GameTask\\backend\\models\\game.js","statementMap":{"0":{"start":{"line":4,"column":15},"end":{"line":41,"column":4}},"1":{"start":{"line":7,"column":26},"end":{"line":7,"column":34}},"2":{"start":{"line":43,"column":2},"end":{"line":43,"column":14}}},"fnMap":{"0":{"name":"(anonymous_0)","decl":{"start":{"line":3,"column":15},"end":{"line":3,"column":16}},"loc":{"start":{"line":3,"column":41},"end":{"line":44,"column":1}},"line":3},"1":{"name":"(anonymous_1)","decl":{"start":{"line":7,"column":20},"end":{"line":7,"column":21}},"loc":{"start":{"line":7,"column":26},"end":{"line":7,"column":34}},"line":7}},"branchMap":{},"s":{"0":1,"1":0,"2":1},"f":{"0":1,"1":0},"b":{},"inputSourceMap":null,"_coverageSchema":"1a1c01bbd47fc00a2c39e90264f33305004495a9","hash":"9a2d6640f1d453dbcb7d8ffd7a64a48adde894bd"}
,"C:\\chandu\\Projects\\GameTask\\backend\\models\\index.js": {"path":"C:\\chandu\\Projects\\GameTask\\backend\\models\\index.js","statementMap":{"0":{"start":{"line":6,"column":11},"end":{"line":6,"column":13}},"1":{"start":{"line":8,"column":0},"end":{"line":8,"column":25}},"2":{"start":{"line":9,"column":0},"end":{"line":9,"column":25}},"3":{"start":{"line":11,"column":0},"end":{"line":11,"column":52}},"4":{"start":{"line":12,"column":0},"end":{"line":12,"column":52}},"5":{"start":{"line":15,"column":0},"end":{"line":15,"column":73}}},"fnMap":{},"branchMap":{},"s":{"0":1,"1":1,"2":1,"3":1,"4":1,"5":1},"f":{},"b":{},"inputSourceMap":null,"_coverageSchema":"1a1c01bbd47fc00a2c39e90264f33305004495a9","hash":"4da62ec96e916dbd486c9135c1d9406f785f3785"}
,"C:\\chandu\\Projects\\GameTask\\backend\\models\\user.js": {"path":"C:\\chandu\\Projects\\GameTask\\backend\\models\\user.js","statementMap":{"0":{"start":{"line":4,"column":15},"end":{"line":21,"column":4}},"1":{"start":{"line":7,"column":26},"end":{"line":7,"column":34}},"2":{"start":{"line":23,"column":2},"end":{"line":23,"column":14}}},"fnMap":{"0":{"name":"(anonymous_0)","decl":{"start":{"line":3,"column":15},"end":{"line":3,"column":16}},"loc":{"start":{"line":3,"column":41},"end":{"line":24,"column":1}},"line":3},"1":{"name":"(anonymous_1)","decl":{"start":{"line":7,"column":20},"end":{"line":7,"column":21}},"loc":{"start":{"line":7,"column":26},"end":{"line":7,"column":34}},"line":7}},"branchMap":{},"s":{"0":1,"1":0,"2":1},"f":{"0":1,"1":0},"b":{},"inputSourceMap":null,"_coverageSchema":"1a1c01bbd47fc00a2c39e90264f33305004495a9","hash":"94995aba15fd02ec2950cb2cd72def90f977a2de"}
}
