TN:
SF:config\db.js
FNF:0
FNH:0
DA:4,1
DA:13,1
DA:15,1
DA:27,1
LF:4
LH:4
BRDA:7,0,0,1
BRDA:8,1,0,1
BRDA:9,2,0,1
BRDA:10,3,0,1
BRDA:11,4,0,1
BRDA:27,5,0,1
BRDA:27,5,1,0
BRF:7
BRH:6
end_of_record
TN:
SF:game\bot.js
FN:2,chooseMove
FNF:1
FNH:1
FNDA:3,chooseMove
DA:4,3
DA:5,3
DA:8,2
DA:9,2
DA:12,1
DA:13,1
DA:15,0
LF:7
LH:6
BRDA:2,0,0,0
BRDA:2,1,0,0
BRDA:5,2,0,1
BRDA:5,2,1,2
BRDA:9,3,0,1
BRDA:9,3,1,1
BRDA:13,4,0,1
BRDA:13,4,1,0
BRF:8
BRH:5
end_of_record
TN:
SF:game\engine.js
FN:9,(anonymous_0)
FN:16,(anonymous_1)
FN:17,(anonymous_2)
FN:20,(anonymous_3)
FN:22,(anonymous_4)
FN:28,(anonymous_5)
FN:40,(anonymous_6)
FN:45,(anonymous_7)
FN:52,(anonymous_8)
FN:87,(anonymous_9)
FN:92,(anonymous_10)
FN:94,(anonymous_11)
FN:97,(anonymous_12)
FN:102,(anonymous_13)
FN:113,(anonymous_14)
FNF:15
FNH:13
FNDA:44,(anonymous_0)
FNDA:44,(anonymous_1)
FNDA:260,(anonymous_2)
FNDA:33,(anonymous_3)
FNDA:198,(anonymous_4)
FNDA:65,(anonymous_5)
FNDA:34,(anonymous_6)
FNDA:0,(anonymous_7)
FNDA:36,(anonymous_8)
FNDA:3,(anonymous_9)
FNDA:1,(anonymous_10)
FNDA:2,(anonymous_11)
FNDA:299,(anonymous_12)
FNDA:6,(anonymous_13)
FNDA:0,(anonymous_14)
DA:10,44
DA:11,44
DA:12,44
DA:13,44
DA:17,260
DA:21,33
DA:22,198
DA:23,33
DA:24,33
DA:29,65
DA:30,65
DA:31,95
DA:32,65
DA:33,65
DA:34,65
DA:37,0
DA:41,34
DA:42,34
DA:46,0
DA:47,0
DA:48,0
DA:53,36
DA:54,36
DA:56,36
DA:63,36
DA:64,130
DA:66,130
DA:67,130
DA:68,130
DA:69,27
DA:70,27
DA:71,27
DA:74,130
DA:75,130
DA:76,130
DA:77,12
DA:78,12
DA:79,12
DA:81,130
DA:84,30
DA:88,3
DA:89,3
DA:94,2
DA:98,299
DA:103,6
DA:104,33
DA:105,33
DA:106,33
DA:107,33
DA:109,3
DA:114,0
LF:51
LH:46
BRDA:9,0,0,10
BRDA:9,1,0,10
BRDA:23,2,0,19
BRDA:23,2,1,14
BRDA:29,3,0,0
BRDA:29,3,1,65
BRDA:29,4,0,65
BRDA:29,4,1,65
BRDA:31,5,0,65
BRDA:31,5,1,30
BRDA:41,6,0,0
BRDA:41,6,1,34
BRDA:41,7,0,34
BRDA:41,7,1,34
BRDA:47,8,0,0
BRDA:47,8,1,0
BRDA:54,9,0,0
BRDA:54,9,1,36
BRDA:68,10,0,157
BRDA:68,10,1,73
BRDA:76,11,0,142
BRDA:76,11,1,123
BRDA:81,12,0,6
BRDA:81,12,1,124
BRDA:88,13,0,0
BRDA:88,13,1,3
BRDA:98,14,0,299
BRDA:98,14,1,299
BRDA:98,14,2,222
BRDA:98,14,3,202
BRDA:104,15,0,0
BRDA:104,15,1,33
BRDA:107,16,0,3
BRDA:107,16,1,30
BRDA:107,17,0,33
BRDA:107,17,1,33
BRF:36
BRH:29
end_of_record
TN:
SF:game\index.js
FNF:0
FNH:0
LF:0
LH:0
BRF:0
BRH:0
end_of_record
TN:
SF:game\service.js
FN:6,(anonymous_0)
FN:13,(anonymous_1)
FN:32,(anonymous_2)
FN:36,(anonymous_3)
FN:38,(anonymous_4)
FN:43,(anonymous_5)
FN:46,(anonymous_6)
FN:52,(anonymous_7)
FN:56,(anonymous_8)
FN:93,(anonymous_9)
FN:100,(anonymous_10)
FN:106,(anonymous_11)
FN:114,(anonymous_12)
FN:129,(anonymous_13)
FN:142,(anonymous_14)
FN:146,(anonymous_15)
FN:170,(anonymous_16)
FN:176,(anonymous_17)
FNF:18
FNH:13
FNDA:2,(anonymous_0)
FNDA:2,(anonymous_1)
FNDA:3,(anonymous_2)
FNDA:3,(anonymous_3)
FNDA:3,(anonymous_4)
FNDA:0,(anonymous_5)
FNDA:0,(anonymous_6)
FNDA:0,(anonymous_7)
FNDA:0,(anonymous_8)
FNDA:2,(anonymous_9)
FNDA:4,(anonymous_10)
FNDA:1,(anonymous_11)
FNDA:1,(anonymous_12)
FNDA:1,(anonymous_13)
FNDA:1,(anonymous_14)
FNDA:1,(anonymous_15)
FNDA:1,(anonymous_16)
FNDA:0,(anonymous_17)
DA:7,2
DA:8,2
DA:9,2
DA:10,2
DA:14,2
DA:15,2
DA:16,2
DA:28,2
DA:29,2
DA:33,3
DA:37,3
DA:38,3
DA:40,0
DA:44,0
DA:45,0
DA:46,0
DA:47,0
DA:48,0
DA:49,0
DA:53,0
DA:54,0
DA:56,0
DA:57,0
DA:59,0
DA:62,0
DA:64,0
DA:66,0
DA:67,0
DA:70,0
DA:71,0
DA:72,0
DA:73,0
DA:74,0
DA:75,0
DA:76,0
DA:80,0
DA:81,0
DA:82,0
DA:83,0
DA:84,0
DA:85,0
DA:89,0
DA:90,0
DA:94,2
DA:95,2
DA:97,2
DA:100,4
DA:101,2
DA:102,2
DA:106,2
DA:107,1
DA:110,2
DA:111,2
DA:115,1
DA:116,1
DA:119,1
DA:120,1
DA:121,1
DA:122,1
DA:126,1
DA:129,1
DA:130,1
DA:133,2
DA:139,1
DA:143,1
DA:144,1
DA:146,1
DA:147,1
DA:149,1
DA:151,1
DA:152,1
DA:153,1
DA:154,1
DA:157,2
DA:160,1
DA:161,1
DA:162,1
DA:163,1
DA:166,1
DA:167,1
DA:172,1
DA:173,1
DA:174,0
DA:176,0
DA:188,0
DA:189,0
DA:193,0
LF:87
LH:51
BRDA:6,0,0,0
BRDA:6,1,0,0
BRDA:6,2,0,0
BRDA:13,3,0,0
BRDA:33,4,0,3
BRDA:33,4,1,0
BRDA:38,5,0,3
BRDA:38,5,1,0
BRDA:38,6,0,3
BRDA:38,6,1,3
BRDA:45,7,0,0
BRDA:45,7,1,0
BRDA:47,8,0,0
BRDA:47,8,1,0
BRDA:54,9,0,0
BRDA:54,9,1,0
BRDA:57,10,0,0
BRDA:57,10,1,0
BRDA:59,11,0,0
BRDA:59,11,1,0
BRDA:62,12,0,0
BRDA:62,12,1,0
BRDA:64,13,0,0
BRDA:64,13,1,0
BRDA:70,14,0,0
BRDA:70,14,1,0
BRDA:80,15,0,0
BRDA:80,15,1,0
BRDA:89,16,0,0
BRDA:89,16,1,0
BRDA:95,17,0,0
BRDA:95,17,1,2
BRDA:101,18,0,2
BRDA:101,18,1,0
BRDA:101,19,0,2
BRDA:101,19,1,2
BRDA:101,19,2,2
BRDA:116,20,0,0
BRDA:116,20,1,1
BRDA:120,21,0,1
BRDA:120,21,1,0
BRDA:130,22,0,1
BRDA:130,22,1,0
BRDA:133,23,0,2
BRDA:133,23,1,0
BRDA:133,24,0,2
BRDA:133,24,1,2
BRDA:144,25,0,0
BRDA:144,25,1,1
BRDA:144,26,0,1
BRDA:144,26,1,1
BRDA:147,27,0,0
BRDA:147,27,1,1
BRDA:149,28,0,1
BRDA:149,28,1,0
BRDA:157,29,0,2
BRDA:157,29,1,0
BRDA:157,30,0,2
BRDA:157,30,1,2
BRDA:161,31,0,1
BRDA:161,31,1,0
BRDA:173,32,0,0
BRDA:173,32,1,1
BRDA:177,33,0,0
BRDA:177,33,1,0
BRDA:179,34,0,0
BRDA:179,34,1,0
BRDA:180,35,0,0
BRDA:180,35,1,0
BRDA:188,36,0,0
BRDA:188,36,1,0
BRF:71
BRH:25
end_of_record
TN:
SF:matchmaking\matchmaker.js
FN:6,(anonymous_0)
FN:13,(anonymous_1)
FN:29,(anonymous_2)
FN:39,(anonymous_3)
FN:41,(anonymous_4)
FN:55,(anonymous_5)
FN:56,(anonymous_6)
FN:67,(anonymous_7)
FNF:8
FNH:4
FNDA:2,(anonymous_0)
FNDA:3,(anonymous_1)
FNDA:0,(anonymous_2)
FNDA:1,(anonymous_3)
FNDA:1,(anonymous_4)
FNDA:0,(anonymous_5)
FNDA:0,(anonymous_6)
FNDA:0,(anonymous_7)
DA:7,2
DA:8,2
DA:9,2
DA:14,3
DA:15,3
DA:18,3
DA:19,1
DA:20,1
DA:21,1
DA:22,1
DA:23,1
DA:27,2
DA:29,2
DA:30,0
DA:31,0
DA:33,0
DA:34,0
DA:35,0
DA:39,2
DA:41,1
DA:42,1
DA:43,1
DA:44,1
DA:45,1
DA:49,2
DA:50,2
DA:51,2
DA:52,2
DA:56,0
DA:57,0
DA:58,0
DA:59,0
DA:60,0
DA:61,0
DA:63,0
DA:68,0
LF:36
LH:23
BRDA:6,0,0,0
BRDA:18,1,0,1
BRDA:18,1,1,2
BRDA:21,2,0,1
BRDA:21,2,1,0
BRDA:34,3,0,0
BRDA:34,3,1,0
BRDA:42,4,0,1
BRDA:42,4,1,0
BRDA:44,5,0,1
BRDA:44,5,1,0
BRDA:57,6,0,0
BRDA:57,6,1,0
BRDA:59,7,0,0
BRDA:59,7,1,0
BRF:15
BRH:5
end_of_record
TN:
SF:models\game.js
FN:3,(anonymous_0)
FN:7,(anonymous_1)
FNF:2
FNH:1
FNDA:1,(anonymous_0)
FNDA:0,(anonymous_1)
DA:4,1
DA:7,0
DA:43,1
LF:3
LH:2
BRF:0
BRH:0
end_of_record
TN:
SF:models\index.js
FNF:0
FNH:0
DA:6,1
DA:8,1
DA:9,1
DA:11,1
DA:12,1
DA:15,1
LF:6
LH:6
BRF:0
BRH:0
end_of_record
TN:
SF:models\user.js
FN:3,(anonymous_0)
FN:7,(anonymous_1)
FNF:2
FNH:1
FNDA:1,(anonymous_0)
FNDA:0,(anonymous_1)
DA:4,1
DA:7,0
DA:23,1
LF:3
LH:2
BRF:0
BRH:0
end_of_record
